The target system is: Windows -  - 
The host system is: Linux - 3.16.0-4-amd64 - x86_64
Compiling the C compiler identification source file "CMakeCCompilerId.c" succeeded.
Compiler: /opt/mxe/gcc-5.1.0/usr/bin/x86_64-w64-mingw32.static-gcc 
Build flags: -DHAVE_STRUCT_TIMESPEC;-I/root/shotcut/shotcut/Shotcut/include;-DNDEBUG
Id flags: 

The output was:
0


Compilation of the C compiler identification source "CMakeCCompilerId.c" produced "a.exe"

The C compiler identification is GNU, found in "/root/shotcut/src/x265/source/CMakeFiles/2.8.12.2/CompilerIdC/a.exe"

Compiling the CXX compiler identification source file "CMakeCXXCompilerId.cpp" succeeded.
Compiler: /opt/mxe/gcc-5.1.0/usr/bin/x86_64-w64-mingw32.static-g++ 
Build flags: -DHAVE_STRUCT_TIMESPEC;-I/root/shotcut/shotcut/Shotcut/include;-DNDEBUG
Id flags: 

The output was:
0


Compilation of the CXX compiler identification source "CMakeCXXCompilerId.cpp" produced "a.exe"

The CXX compiler identification is GNU, found in "/root/shotcut/src/x265/source/CMakeFiles/2.8.12.2/CompilerIdCXX/a.exe"

Determining if the C compiler works passed with the following output:
Change Dir: /root/shotcut/src/x265/source/CMakeFiles/CMakeTmp

Run Build Command:/usr/bin/make "cmTryCompileExec995908031/fast"
/usr/bin/make -f CMakeFiles/cmTryCompileExec995908031.dir/build.make CMakeFiles/cmTryCompileExec995908031.dir/build
make[1]: Entering directory `/root/shotcut/src/x265/source/CMakeFiles/CMakeTmp'
/usr/bin/cmake -E cmake_progress_report /root/shotcut/src/x265/source/CMakeFiles/CMakeTmp/CMakeFiles 1
Building C object CMakeFiles/cmTryCompileExec995908031.dir/testCCompiler.c.obj
/opt/mxe/gcc-5.1.0/usr/bin/x86_64-w64-mingw32.static-gcc   -DHAVE_STRUCT_TIMESPEC -I/root/shotcut/shotcut/Shotcut/include -DNDEBUG     -o CMakeFiles/cmTryCompileExec995908031.dir/testCCompiler.c.obj   -c /root/shotcut/src/x265/source/CMakeFiles/CMakeTmp/testCCompiler.c
Linking C executable cmTryCompileExec995908031.exe
/usr/bin/cmake -E cmake_link_script CMakeFiles/cmTryCompileExec995908031.dir/link.txt --verbose=1
/usr/bin/cmake -E remove -f CMakeFiles/cmTryCompileExec995908031.dir/objects.a
/opt/mxe/gcc-5.1.0/usr/bin/x86_64-w64-mingw32.static-ar cr CMakeFiles/cmTryCompileExec995908031.dir/objects.a @CMakeFiles/cmTryCompileExec995908031.dir/objects1.rsp
/opt/mxe/gcc-5.1.0/usr/bin/x86_64-w64-mingw32.static-gcc  -DHAVE_STRUCT_TIMESPEC -I/root/shotcut/shotcut/Shotcut/include -DNDEBUG     -L/root/shotcut/shotcut/Shotcut/bin -L/root/shotcut/shotcut/Shotcut/lib -Wl,--whole-archive CMakeFiles/cmTryCompileExec995908031.dir/objects.a -Wl,--no-whole-archive  -o cmTryCompileExec995908031.exe -Wl,--out-implib,libcmTryCompileExec995908031.dll.a -Wl,--major-image-version,0,--minor-image-version,0  -lkernel32 -luser32 -lgdi32 -lwinspool -lshell32 -lole32 -loleaut32 -luuid -lcomdlg32 -ladvapi32 
make[1]: Leaving directory `/root/shotcut/src/x265/source/CMakeFiles/CMakeTmp'


Detecting C compiler ABI info compiled with the following output:
Change Dir: /root/shotcut/src/x265/source/CMakeFiles/CMakeTmp

Run Build Command:/usr/bin/make "cmTryCompileExec4151428891/fast"
/usr/bin/make -f CMakeFiles/cmTryCompileExec4151428891.dir/build.make CMakeFiles/cmTryCompileExec4151428891.dir/build
make[1]: Entering directory `/root/shotcut/src/x265/source/CMakeFiles/CMakeTmp'
/usr/bin/cmake -E cmake_progress_report /root/shotcut/src/x265/source/CMakeFiles/CMakeTmp/CMakeFiles 1
Building C object CMakeFiles/cmTryCompileExec4151428891.dir/CMakeCCompilerABI.c.obj
/opt/mxe/gcc-5.1.0/usr/bin/x86_64-w64-mingw32.static-gcc   -DHAVE_STRUCT_TIMESPEC -I/root/shotcut/shotcut/Shotcut/include -DNDEBUG     -o CMakeFiles/cmTryCompileExec4151428891.dir/CMakeCCompilerABI.c.obj   -c /root/shotcut/src/vid.stab/cmake/Modules/CMakeCCompilerABI.c
Linking C executable cmTryCompileExec4151428891.exe
/usr/bin/cmake -E cmake_link_script CMakeFiles/cmTryCompileExec4151428891.dir/link.txt --verbose=1
/usr/bin/cmake -E remove -f CMakeFiles/cmTryCompileExec4151428891.dir/objects.a
/opt/mxe/gcc-5.1.0/usr/bin/x86_64-w64-mingw32.static-ar cr CMakeFiles/cmTryCompileExec4151428891.dir/objects.a @CMakeFiles/cmTryCompileExec4151428891.dir/objects1.rsp
/opt/mxe/gcc-5.1.0/usr/bin/x86_64-w64-mingw32.static-gcc  -DHAVE_STRUCT_TIMESPEC -I/root/shotcut/shotcut/Shotcut/include -DNDEBUG    -v -Wl,--whole-archive CMakeFiles/cmTryCompileExec4151428891.dir/objects.a -Wl,--no-whole-archive  -o cmTryCompileExec4151428891.exe -Wl,--out-implib,libcmTryCompileExec4151428891.dll.a -Wl,--major-image-version,0,--minor-image-version,0   
Using built-in specs.
COLLECT_GCC=/opt/mxe/gcc-5.1.0/usr/bin/x86_64-w64-mingw32.static-gcc
COLLECT_LTO_WRAPPER=/opt/mxe/gcc-5.1.0/usr/libexec/gcc/x86_64-w64-mingw32.static/5.1.0/lto-wrapper
Target: x86_64-w64-mingw32.static
Configured with: /opt/mxe/gcc-5.1.0/tmp-gcc-x86_64-w64-mingw32.static/gcc-5.1.0/configure --target=x86_64-w64-mingw32.static --build=x86_64-unknown-linux-gnu --prefix=/opt/mxe/gcc-5.1.0/usr --libdir=/opt/mxe/gcc-5.1.0/usr/lib --enable-languages=c,c++,objc,fortran --enable-version-specific-runtime-libs --with-gcc --with-gnu-ld --with-gnu-as --disable-nls --disable-shared --disable-multilib --without-x --disable-win32-registry --enable-threads=posix --enable-libgomp --with-gmp=/opt/mxe/gcc-5.1.0/usr --with-isl=/opt/mxe/gcc-5.1.0/usr --with-mpc=/opt/mxe/gcc-5.1.0/usr --with-mpfr=/opt/mxe/gcc-5.1.0/usr --with-as=/opt/mxe/gcc-5.1.0/usr/bin/x86_64-w64-mingw32.static-as --with-ld=/opt/mxe/gcc-5.1.0/usr/bin/x86_64-w64-mingw32.static-ld --with-nm=/opt/mxe/gcc-5.1.0/usr/bin/x86_64-w64-mingw32.static-nm
Thread model: posix
gcc version 5.1.0 (GCC) 
COMPILER_PATH=/opt/mxe/gcc-5.1.0/usr/libexec/gcc/x86_64-w64-mingw32.static/5.1.0/:/opt/mxe/gcc-5.1.0/usr/libexec/gcc/x86_64-w64-mingw32.static/5.1.0/:/opt/mxe/gcc-5.1.0/usr/libexec/gcc/x86_64-w64-mingw32.static/:/opt/mxe/gcc-5.1.0/usr/lib/gcc/x86_64-w64-mingw32.static/5.1.0/:/opt/mxe/gcc-5.1.0/usr/lib/gcc/x86_64-w64-mingw32.static/:/opt/mxe/gcc-5.1.0/usr/lib/gcc/x86_64-w64-mingw32.static/5.1.0/../../../../x86_64-w64-mingw32.static/bin/
LIBRARY_PATH=/opt/mxe/gcc-5.1.0/usr/lib/gcc/x86_64-w64-mingw32.static/5.1.0/:/opt/mxe/gcc-5.1.0/usr/lib/gcc/x86_64-w64-mingw32.static/5.1.0/../../../../x86_64-w64-mingw32.static/lib/../lib/:/opt/mxe/gcc-5.1.0/usr/lib/gcc/x86_64-w64-mingw32.static/5.1.0/../../../../x86_64-w64-mingw32.static/lib/
COLLECT_GCC_OPTIONS='-D' 'HAVE_STRUCT_TIMESPEC' '-I' '/root/shotcut/shotcut/Shotcut/include' '-D' 'NDEBUG' '-v' '-o' 'cmTryCompileExec4151428891.exe' '-mtune=generic' '-march=x86-64'
 /opt/mxe/gcc-5.1.0/usr/libexec/gcc/x86_64-w64-mingw32.static/5.1.0/collect2 -plugin /opt/mxe/gcc-5.1.0/usr/libexec/gcc/x86_64-w64-mingw32.static/5.1.0/liblto_plugin.so -plugin-opt=/opt/mxe/gcc-5.1.0/usr/libexec/gcc/x86_64-w64-mingw32.static/5.1.0/lto-wrapper -plugin-opt=-fresolution=/tmp/cc1tVnCl.res -plugin-opt=-pass-through=-lmingw32 -plugin-opt=-pass-through=-lgcc -plugin-opt=-pass-through=-lmoldname -plugin-opt=-pass-through=-lmingwex -plugin-opt=-pass-through=-lmsvcrt -plugin-opt=-pass-through=-lpthread -plugin-opt=-pass-through=-ladvapi32 -plugin-opt=-pass-through=-lshell32 -plugin-opt=-pass-through=-luser32 -plugin-opt=-pass-through=-lkernel32 -plugin-opt=-pass-through=-lmingw32 -plugin-opt=-pass-through=-lgcc -plugin-opt=-pass-through=-lmoldname -plugin-opt=-pass-through=-lmingwex -plugin-opt=-pass-through=-lmsvcrt -m i386pep -Bdynamic -o cmTryCompileExec4151428891.exe /opt/mxe/gcc-5.1.0/usr/lib/gcc/x86_64-w64-mingw32.static/5.1.0/../../../../x86_64-w64-mingw32.static/lib/../lib/crt2.o /opt/mxe/gcc-5.1.0/usr/lib/gcc/x86_64-w64-mingw32.static/5.1.0/crtbegin.o -L/opt/mxe/gcc-5.1.0/usr/lib/gcc/x86_64-w64-mingw32.static/5.1.0 -L/opt/mxe/gcc-5.1.0/usr/lib/gcc/x86_64-w64-mingw32.static/5.1.0/../../../../x86_64-w64-mingw32.static/lib/../lib -L/opt/mxe/gcc-5.1.0/usr/lib/gcc/x86_64-w64-mingw32.static/5.1.0/../../../../x86_64-w64-mingw32.static/lib --whole-archive CMakeFiles/cmTryCompileExec4151428891.dir/objects.a --no-whole-archive --out-implib libcmTryCompileExec4151428891.dll.a --major-image-version 0 --minor-image-version 0 -lmingw32 -lgcc -lmoldname -lmingwex -lmsvcrt -lpthread -ladvapi32 -lshell32 -luser32 -lkernel32 -lmingw32 -lgcc -lmoldname -lmingwex -lmsvcrt /opt/mxe/gcc-5.1.0/usr/lib/gcc/x86_64-w64-mingw32.static/5.1.0/crtend.o
make[1]: Leaving directory `/root/shotcut/src/x265/source/CMakeFiles/CMakeTmp'


Parsed C implicit link information from above output:
  link line regex: [^( *|.*[/\])(CMAKE_LINKER-NOTFOUND|([^/\]+-)?ld|collect2)[^/\]*( |$)]
  ignore line: [Change Dir: /root/shotcut/src/x265/source/CMakeFiles/CMakeTmp]
  ignore line: []
  ignore line: [Run Build Command:/usr/bin/make "cmTryCompileExec4151428891/fast"]
  ignore line: [/usr/bin/make -f CMakeFiles/cmTryCompileExec4151428891.dir/build.make CMakeFiles/cmTryCompileExec4151428891.dir/build]
  ignore line: [make[1]: Entering directory `/root/shotcut/src/x265/source/CMakeFiles/CMakeTmp']
  ignore line: [/usr/bin/cmake -E cmake_progress_report /root/shotcut/src/x265/source/CMakeFiles/CMakeTmp/CMakeFiles 1]
  ignore line: [Building C object CMakeFiles/cmTryCompileExec4151428891.dir/CMakeCCompilerABI.c.obj]
  ignore line: [/opt/mxe/gcc-5.1.0/usr/bin/x86_64-w64-mingw32.static-gcc   -DHAVE_STRUCT_TIMESPEC -I/root/shotcut/shotcut/Shotcut/include -DNDEBUG     -o CMakeFiles/cmTryCompileExec4151428891.dir/CMakeCCompilerABI.c.obj   -c /root/shotcut/src/vid.stab/cmake/Modules/CMakeCCompilerABI.c]
  ignore line: [Linking C executable cmTryCompileExec4151428891.exe]
  ignore line: [/usr/bin/cmake -E cmake_link_script CMakeFiles/cmTryCompileExec4151428891.dir/link.txt --verbose=1]
  ignore line: [/usr/bin/cmake -E remove -f CMakeFiles/cmTryCompileExec4151428891.dir/objects.a]
  ignore line: [/opt/mxe/gcc-5.1.0/usr/bin/x86_64-w64-mingw32.static-ar cr CMakeFiles/cmTryCompileExec4151428891.dir/objects.a @CMakeFiles/cmTryCompileExec4151428891.dir/objects1.rsp]
  ignore line: [/opt/mxe/gcc-5.1.0/usr/bin/x86_64-w64-mingw32.static-gcc  -DHAVE_STRUCT_TIMESPEC -I/root/shotcut/shotcut/Shotcut/include -DNDEBUG    -v -Wl,--whole-archive CMakeFiles/cmTryCompileExec4151428891.dir/objects.a -Wl,--no-whole-archive  -o cmTryCompileExec4151428891.exe -Wl,--out-implib,libcmTryCompileExec4151428891.dll.a -Wl,--major-image-version,0,--minor-image-version,0   ]
  ignore line: [Using built-in specs.]
  ignore line: [COLLECT_GCC=/opt/mxe/gcc-5.1.0/usr/bin/x86_64-w64-mingw32.static-gcc]
  ignore line: [COLLECT_LTO_WRAPPER=/opt/mxe/gcc-5.1.0/usr/libexec/gcc/x86_64-w64-mingw32.static/5.1.0/lto-wrapper]
  ignore line: [Target: x86_64-w64-mingw32.static]
  ignore line: [Configured with: /opt/mxe/gcc-5.1.0/tmp-gcc-x86_64-w64-mingw32.static/gcc-5.1.0/configure --target=x86_64-w64-mingw32.static --build=x86_64-unknown-linux-gnu --prefix=/opt/mxe/gcc-5.1.0/usr --libdir=/opt/mxe/gcc-5.1.0/usr/lib --enable-languages=c,c++,objc,fortran --enable-version-specific-runtime-libs --with-gcc --with-gnu-ld --with-gnu-as --disable-nls --disable-shared --disable-multilib --without-x --disable-win32-registry --enable-threads=posix --enable-libgomp --with-gmp=/opt/mxe/gcc-5.1.0/usr --with-isl=/opt/mxe/gcc-5.1.0/usr --with-mpc=/opt/mxe/gcc-5.1.0/usr --with-mpfr=/opt/mxe/gcc-5.1.0/usr --with-as=/opt/mxe/gcc-5.1.0/usr/bin/x86_64-w64-mingw32.static-as --with-ld=/opt/mxe/gcc-5.1.0/usr/bin/x86_64-w64-mingw32.static-ld --with-nm=/opt/mxe/gcc-5.1.0/usr/bin/x86_64-w64-mingw32.static-nm]
  ignore line: [Thread model: posix]
  ignore line: [gcc version 5.1.0 (GCC) ]
  ignore line: [COMPILER_PATH=/opt/mxe/gcc-5.1.0/usr/libexec/gcc/x86_64-w64-mingw32.static/5.1.0/:/opt/mxe/gcc-5.1.0/usr/libexec/gcc/x86_64-w64-mingw32.static/5.1.0/:/opt/mxe/gcc-5.1.0/usr/libexec/gcc/x86_64-w64-mingw32.static/:/opt/mxe/gcc-5.1.0/usr/lib/gcc/x86_64-w64-mingw32.static/5.1.0/:/opt/mxe/gcc-5.1.0/usr/lib/gcc/x86_64-w64-mingw32.static/:/opt/mxe/gcc-5.1.0/usr/lib/gcc/x86_64-w64-mingw32.static/5.1.0/../../../../x86_64-w64-mingw32.static/bin/]
  ignore line: [LIBRARY_PATH=/opt/mxe/gcc-5.1.0/usr/lib/gcc/x86_64-w64-mingw32.static/5.1.0/:/opt/mxe/gcc-5.1.0/usr/lib/gcc/x86_64-w64-mingw32.static/5.1.0/../../../../x86_64-w64-mingw32.static/lib/../lib/:/opt/mxe/gcc-5.1.0/usr/lib/gcc/x86_64-w64-mingw32.static/5.1.0/../../../../x86_64-w64-mingw32.static/lib/]
  ignore line: [COLLECT_GCC_OPTIONS='-D' 'HAVE_STRUCT_TIMESPEC' '-I' '/root/shotcut/shotcut/Shotcut/include' '-D' 'NDEBUG' '-v' '-o' 'cmTryCompileExec4151428891.exe' '-mtune=generic' '-march=x86-64']
  link line: [ /opt/mxe/gcc-5.1.0/usr/libexec/gcc/x86_64-w64-mingw32.static/5.1.0/collect2 -plugin /opt/mxe/gcc-5.1.0/usr/libexec/gcc/x86_64-w64-mingw32.static/5.1.0/liblto_plugin.so -plugin-opt=/opt/mxe/gcc-5.1.0/usr/libexec/gcc/x86_64-w64-mingw32.static/5.1.0/lto-wrapper -plugin-opt=-fresolution=/tmp/cc1tVnCl.res -plugin-opt=-pass-through=-lmingw32 -plugin-opt=-pass-through=-lgcc -plugin-opt=-pass-through=-lmoldname -plugin-opt=-pass-through=-lmingwex -plugin-opt=-pass-through=-lmsvcrt -plugin-opt=-pass-through=-lpthread -plugin-opt=-pass-through=-ladvapi32 -plugin-opt=-pass-through=-lshell32 -plugin-opt=-pass-through=-luser32 -plugin-opt=-pass-through=-lkernel32 -plugin-opt=-pass-through=-lmingw32 -plugin-opt=-pass-through=-lgcc -plugin-opt=-pass-through=-lmoldname -plugin-opt=-pass-through=-lmingwex -plugin-opt=-pass-through=-lmsvcrt -m i386pep -Bdynamic -o cmTryCompileExec4151428891.exe /opt/mxe/gcc-5.1.0/usr/lib/gcc/x86_64-w64-mingw32.static/5.1.0/../../../../x86_64-w64-mingw32.static/lib/../lib/crt2.o /opt/mxe/gcc-5.1.0/usr/lib/gcc/x86_64-w64-mingw32.static/5.1.0/crtbegin.o -L/opt/mxe/gcc-5.1.0/usr/lib/gcc/x86_64-w64-mingw32.static/5.1.0 -L/opt/mxe/gcc-5.1.0/usr/lib/gcc/x86_64-w64-mingw32.static/5.1.0/../../../../x86_64-w64-mingw32.static/lib/../lib -L/opt/mxe/gcc-5.1.0/usr/lib/gcc/x86_64-w64-mingw32.static/5.1.0/../../../../x86_64-w64-mingw32.static/lib --whole-archive CMakeFiles/cmTryCompileExec4151428891.dir/objects.a --no-whole-archive --out-implib libcmTryCompileExec4151428891.dll.a --major-image-version 0 --minor-image-version 0 -lmingw32 -lgcc -lmoldname -lmingwex -lmsvcrt -lpthread -ladvapi32 -lshell32 -luser32 -lkernel32 -lmingw32 -lgcc -lmoldname -lmingwex -lmsvcrt /opt/mxe/gcc-5.1.0/usr/lib/gcc/x86_64-w64-mingw32.static/5.1.0/crtend.o]
    arg [/opt/mxe/gcc-5.1.0/usr/libexec/gcc/x86_64-w64-mingw32.static/5.1.0/collect2] ==> ignore
    arg [-plugin] ==> ignore
    arg [/opt/mxe/gcc-5.1.0/usr/libexec/gcc/x86_64-w64-mingw32.static/5.1.0/liblto_plugin.so] ==> ignore
    arg [-plugin-opt=/opt/mxe/gcc-5.1.0/usr/libexec/gcc/x86_64-w64-mingw32.static/5.1.0/lto-wrapper] ==> ignore
    arg [-plugin-opt=-fresolution=/tmp/cc1tVnCl.res] ==> ignore
    arg [-plugin-opt=-pass-through=-lmingw32] ==> ignore
    arg [-plugin-opt=-pass-through=-lgcc] ==> ignore
    arg [-plugin-opt=-pass-through=-lmoldname] ==> ignore
    arg [-plugin-opt=-pass-through=-lmingwex] ==> ignore
    arg [-plugin-opt=-pass-through=-lmsvcrt] ==> ignore
    arg [-plugin-opt=-pass-through=-lpthread] ==> ignore
    arg [-plugin-opt=-pass-through=-ladvapi32] ==> ignore
    arg [-plugin-opt=-pass-through=-lshell32] ==> ignore
    arg [-plugin-opt=-pass-through=-luser32] ==> ignore
    arg [-plugin-opt=-pass-through=-lkernel32] ==> ignore
    arg [-plugin-opt=-pass-through=-lmingw32] ==> ignore
    arg [-plugin-opt=-pass-through=-lgcc] ==> ignore
    arg [-plugin-opt=-pass-through=-lmoldname] ==> ignore
    arg [-plugin-opt=-pass-through=-lmingwex] ==> ignore
    arg [-plugin-opt=-pass-through=-lmsvcrt] ==> ignore
    arg [-m] ==> ignore
    arg [i386pep] ==> ignore
    arg [-Bdynamic] ==> ignore
    arg [-o] ==> ignore
    arg [cmTryCompileExec4151428891.exe] ==> ignore
    arg [/opt/mxe/gcc-5.1.0/usr/lib/gcc/x86_64-w64-mingw32.static/5.1.0/../../../../x86_64-w64-mingw32.static/lib/../lib/crt2.o] ==> ignore
    arg [/opt/mxe/gcc-5.1.0/usr/lib/gcc/x86_64-w64-mingw32.static/5.1.0/crtbegin.o] ==> ignore
    arg [-L/opt/mxe/gcc-5.1.0/usr/lib/gcc/x86_64-w64-mingw32.static/5.1.0] ==> dir [/opt/mxe/gcc-5.1.0/usr/lib/gcc/x86_64-w64-mingw32.static/5.1.0]
    arg [-L/opt/mxe/gcc-5.1.0/usr/lib/gcc/x86_64-w64-mingw32.static/5.1.0/../../../../x86_64-w64-mingw32.static/lib/../lib] ==> dir [/opt/mxe/gcc-5.1.0/usr/lib/gcc/x86_64-w64-mingw32.static/5.1.0/../../../../x86_64-w64-mingw32.static/lib/../lib]
    arg [-L/opt/mxe/gcc-5.1.0/usr/lib/gcc/x86_64-w64-mingw32.static/5.1.0/../../../../x86_64-w64-mingw32.static/lib] ==> dir [/opt/mxe/gcc-5.1.0/usr/lib/gcc/x86_64-w64-mingw32.static/5.1.0/../../../../x86_64-w64-mingw32.static/lib]
    arg [--whole-archive] ==> ignore
    arg [CMakeFiles/cmTryCompileExec4151428891.dir/objects.a] ==> ignore
    arg [--no-whole-archive] ==> ignore
    arg [--out-implib] ==> ignore
    arg [libcmTryCompileExec4151428891.dll.a] ==> ignore
    arg [--major-image-version] ==> ignore
    arg [0] ==> ignore
    arg [--minor-image-version] ==> ignore
    arg [0] ==> ignore
    arg [-lmingw32] ==> lib [mingw32]
    arg [-lgcc] ==> lib [gcc]
    arg [-lmoldname] ==> lib [moldname]
    arg [-lmingwex] ==> lib [mingwex]
    arg [-lmsvcrt] ==> lib [msvcrt]
    arg [-lpthread] ==> lib [pthread]
    arg [-ladvapi32] ==> lib [advapi32]
    arg [-lshell32] ==> lib [shell32]
    arg [-luser32] ==> lib [user32]
    arg [-lkernel32] ==> lib [kernel32]
    arg [-lmingw32] ==> lib [mingw32]
    arg [-lgcc] ==> lib [gcc]
    arg [-lmoldname] ==> lib [moldname]
    arg [-lmingwex] ==> lib [mingwex]
    arg [-lmsvcrt] ==> lib [msvcrt]
    arg [/opt/mxe/gcc-5.1.0/usr/lib/gcc/x86_64-w64-mingw32.static/5.1.0/crtend.o] ==> ignore
  remove lib [gcc]
  remove lib [gcc]
  collapse library dir [/opt/mxe/gcc-5.1.0/usr/lib/gcc/x86_64-w64-mingw32.static/5.1.0] ==> [/opt/mxe/gcc-5.1.0/usr/lib/gcc/x86_64-w64-mingw32.static/5.1.0]
  collapse library dir [/opt/mxe/gcc-5.1.0/usr/lib/gcc/x86_64-w64-mingw32.static/5.1.0/../../../../x86_64-w64-mingw32.static/lib/../lib] ==> [/opt/mxe/gcc-5.1.0/usr/x86_64-w64-mingw32.static/lib]
  collapse library dir [/opt/mxe/gcc-5.1.0/usr/lib/gcc/x86_64-w64-mingw32.static/5.1.0/../../../../x86_64-w64-mingw32.static/lib] ==> [/opt/mxe/gcc-5.1.0/usr/x86_64-w64-mingw32.static/lib]
  implicit libs: [mingw32;moldname;mingwex;msvcrt;pthread;advapi32;shell32;user32;kernel32;mingw32;moldname;mingwex;msvcrt]
  implicit dirs: [/opt/mxe/gcc-5.1.0/usr/lib/gcc/x86_64-w64-mingw32.static/5.1.0;/opt/mxe/gcc-5.1.0/usr/x86_64-w64-mingw32.static/lib]
  implicit fwks: []


Determining if the CXX compiler works passed with the following output:
Change Dir: /root/shotcut/src/x265/source/CMakeFiles/CMakeTmp

Run Build Command:/usr/bin/make "cmTryCompileExec3605273961/fast"
/usr/bin/make -f CMakeFiles/cmTryCompileExec3605273961.dir/build.make CMakeFiles/cmTryCompileExec3605273961.dir/build
make[1]: Entering directory `/root/shotcut/src/x265/source/CMakeFiles/CMakeTmp'
/usr/bin/cmake -E cmake_progress_report /root/shotcut/src/x265/source/CMakeFiles/CMakeTmp/CMakeFiles 1
Building CXX object CMakeFiles/cmTryCompileExec3605273961.dir/testCXXCompiler.cxx.obj
/opt/mxe/gcc-5.1.0/usr/bin/x86_64-w64-mingw32.static-g++    -DHAVE_STRUCT_TIMESPEC -I/root/shotcut/shotcut/Shotcut/include -DNDEBUG     -o CMakeFiles/cmTryCompileExec3605273961.dir/testCXXCompiler.cxx.obj -c /root/shotcut/src/x265/source/CMakeFiles/CMakeTmp/testCXXCompiler.cxx
Linking CXX executable cmTryCompileExec3605273961.exe
/usr/bin/cmake -E cmake_link_script CMakeFiles/cmTryCompileExec3605273961.dir/link.txt --verbose=1
/usr/bin/cmake -E remove -f CMakeFiles/cmTryCompileExec3605273961.dir/objects.a
/opt/mxe/gcc-5.1.0/usr/bin/x86_64-w64-mingw32.static-ar cr CMakeFiles/cmTryCompileExec3605273961.dir/objects.a @CMakeFiles/cmTryCompileExec3605273961.dir/objects1.rsp
/opt/mxe/gcc-5.1.0/usr/bin/x86_64-w64-mingw32.static-g++  -DHAVE_STRUCT_TIMESPEC -I/root/shotcut/shotcut/Shotcut/include -DNDEBUG     -L/root/shotcut/shotcut/Shotcut/bin -L/root/shotcut/shotcut/Shotcut/lib -Wl,--whole-archive CMakeFiles/cmTryCompileExec3605273961.dir/objects.a -Wl,--no-whole-archive  -o cmTryCompileExec3605273961.exe -Wl,--out-implib,libcmTryCompileExec3605273961.dll.a -Wl,--major-image-version,0,--minor-image-version,0  -lkernel32 -luser32 -lgdi32 -lwinspool -lshell32 -lole32 -loleaut32 -luuid -lcomdlg32 -ladvapi32 
make[1]: Leaving directory `/root/shotcut/src/x265/source/CMakeFiles/CMakeTmp'


Detecting CXX compiler ABI info compiled with the following output:
Change Dir: /root/shotcut/src/x265/source/CMakeFiles/CMakeTmp

Run Build Command:/usr/bin/make "cmTryCompileExec510319209/fast"
/usr/bin/make -f CMakeFiles/cmTryCompileExec510319209.dir/build.make CMakeFiles/cmTryCompileExec510319209.dir/build
make[1]: Entering directory `/root/shotcut/src/x265/source/CMakeFiles/CMakeTmp'
/usr/bin/cmake -E cmake_progress_report /root/shotcut/src/x265/source/CMakeFiles/CMakeTmp/CMakeFiles 1
Building CXX object CMakeFiles/cmTryCompileExec510319209.dir/CMakeCXXCompilerABI.cpp.obj
/opt/mxe/gcc-5.1.0/usr/bin/x86_64-w64-mingw32.static-g++    -DHAVE_STRUCT_TIMESPEC -I/root/shotcut/shotcut/Shotcut/include -DNDEBUG     -o CMakeFiles/cmTryCompileExec510319209.dir/CMakeCXXCompilerABI.cpp.obj -c /root/shotcut/src/vid.stab/cmake/Modules/CMakeCXXCompilerABI.cpp
Linking CXX executable cmTryCompileExec510319209.exe
/usr/bin/cmake -E cmake_link_script CMakeFiles/cmTryCompileExec510319209.dir/link.txt --verbose=1
/usr/bin/cmake -E remove -f CMakeFiles/cmTryCompileExec510319209.dir/objects.a
/opt/mxe/gcc-5.1.0/usr/bin/x86_64-w64-mingw32.static-ar cr CMakeFiles/cmTryCompileExec510319209.dir/objects.a @CMakeFiles/cmTryCompileExec510319209.dir/objects1.rsp
/opt/mxe/gcc-5.1.0/usr/bin/x86_64-w64-mingw32.static-g++  -DHAVE_STRUCT_TIMESPEC -I/root/shotcut/shotcut/Shotcut/include -DNDEBUG    -v -Wl,--whole-archive CMakeFiles/cmTryCompileExec510319209.dir/objects.a -Wl,--no-whole-archive  -o cmTryCompileExec510319209.exe -Wl,--out-implib,libcmTryCompileExec510319209.dll.a -Wl,--major-image-version,0,--minor-image-version,0   
Using built-in specs.
COLLECT_GCC=/opt/mxe/gcc-5.1.0/usr/bin/x86_64-w64-mingw32.static-g++
COLLECT_LTO_WRAPPER=/opt/mxe/gcc-5.1.0/usr/libexec/gcc/x86_64-w64-mingw32.static/5.1.0/lto-wrapper
Target: x86_64-w64-mingw32.static
Configured with: /opt/mxe/gcc-5.1.0/tmp-gcc-x86_64-w64-mingw32.static/gcc-5.1.0/configure --target=x86_64-w64-mingw32.static --build=x86_64-unknown-linux-gnu --prefix=/opt/mxe/gcc-5.1.0/usr --libdir=/opt/mxe/gcc-5.1.0/usr/lib --enable-languages=c,c++,objc,fortran --enable-version-specific-runtime-libs --with-gcc --with-gnu-ld --with-gnu-as --disable-nls --disable-shared --disable-multilib --without-x --disable-win32-registry --enable-threads=posix --enable-libgomp --with-gmp=/opt/mxe/gcc-5.1.0/usr --with-isl=/opt/mxe/gcc-5.1.0/usr --with-mpc=/opt/mxe/gcc-5.1.0/usr --with-mpfr=/opt/mxe/gcc-5.1.0/usr --with-as=/opt/mxe/gcc-5.1.0/usr/bin/x86_64-w64-mingw32.static-as --with-ld=/opt/mxe/gcc-5.1.0/usr/bin/x86_64-w64-mingw32.static-ld --with-nm=/opt/mxe/gcc-5.1.0/usr/bin/x86_64-w64-mingw32.static-nm
Thread model: posix
gcc version 5.1.0 (GCC) 
COMPILER_PATH=/opt/mxe/gcc-5.1.0/usr/libexec/gcc/x86_64-w64-mingw32.static/5.1.0/:/opt/mxe/gcc-5.1.0/usr/libexec/gcc/x86_64-w64-mingw32.static/5.1.0/:/opt/mxe/gcc-5.1.0/usr/libexec/gcc/x86_64-w64-mingw32.static/:/opt/mxe/gcc-5.1.0/usr/lib/gcc/x86_64-w64-mingw32.static/5.1.0/:/opt/mxe/gcc-5.1.0/usr/lib/gcc/x86_64-w64-mingw32.static/:/opt/mxe/gcc-5.1.0/usr/lib/gcc/x86_64-w64-mingw32.static/5.1.0/../../../../x86_64-w64-mingw32.static/bin/
LIBRARY_PATH=/opt/mxe/gcc-5.1.0/usr/lib/gcc/x86_64-w64-mingw32.static/5.1.0/:/opt/mxe/gcc-5.1.0/usr/lib/gcc/x86_64-w64-mingw32.static/5.1.0/../../../../x86_64-w64-mingw32.static/lib/../lib/:/opt/mxe/gcc-5.1.0/usr/lib/gcc/x86_64-w64-mingw32.static/5.1.0/../../../../x86_64-w64-mingw32.static/lib/
COLLECT_GCC_OPTIONS='-D' 'HAVE_STRUCT_TIMESPEC' '-I' '/root/shotcut/shotcut/Shotcut/include' '-D' 'NDEBUG' '-v' '-o' 'cmTryCompileExec510319209.exe' '-mtune=generic' '-march=x86-64'
 /opt/mxe/gcc-5.1.0/usr/libexec/gcc/x86_64-w64-mingw32.static/5.1.0/collect2 -plugin /opt/mxe/gcc-5.1.0/usr/libexec/gcc/x86_64-w64-mingw32.static/5.1.0/liblto_plugin.so -plugin-opt=/opt/mxe/gcc-5.1.0/usr/libexec/gcc/x86_64-w64-mingw32.static/5.1.0/lto-wrapper -plugin-opt=-fresolution=/tmp/cc66uFjy.res -plugin-opt=-pass-through=-lmingw32 -plugin-opt=-pass-through=-lgcc -plugin-opt=-pass-through=-lmoldname -plugin-opt=-pass-through=-lmingwex -plugin-opt=-pass-through=-lmsvcrt -plugin-opt=-pass-through=-lpthread -plugin-opt=-pass-through=-ladvapi32 -plugin-opt=-pass-through=-lshell32 -plugin-opt=-pass-through=-luser32 -plugin-opt=-pass-through=-lkernel32 -plugin-opt=-pass-through=-lmingw32 -plugin-opt=-pass-through=-lgcc -plugin-opt=-pass-through=-lmoldname -plugin-opt=-pass-through=-lmingwex -plugin-opt=-pass-through=-lmsvcrt -m i386pep -Bdynamic -o cmTryCompileExec510319209.exe /opt/mxe/gcc-5.1.0/usr/lib/gcc/x86_64-w64-mingw32.static/5.1.0/../../../../x86_64-w64-mingw32.static/lib/../lib/crt2.o /opt/mxe/gcc-5.1.0/usr/lib/gcc/x86_64-w64-mingw32.static/5.1.0/crtbegin.o -L/opt/mxe/gcc-5.1.0/usr/lib/gcc/x86_64-w64-mingw32.static/5.1.0 -L/opt/mxe/gcc-5.1.0/usr/lib/gcc/x86_64-w64-mingw32.static/5.1.0/../../../../x86_64-w64-mingw32.static/lib/../lib -L/opt/mxe/gcc-5.1.0/usr/lib/gcc/x86_64-w64-mingw32.static/5.1.0/../../../../x86_64-w64-mingw32.static/lib --whole-archive CMakeFiles/cmTryCompileExec510319209.dir/objects.a --no-whole-archive --out-implib libcmTryCompileExec510319209.dll.a --major-image-version 0 --minor-image-version 0 -lstdc++ -lmingw32 -lgcc -lmoldname -lmingwex -lmsvcrt -lpthread -ladvapi32 -lshell32 -luser32 -lkernel32 -lmingw32 -lgcc -lmoldname -lmingwex -lmsvcrt /opt/mxe/gcc-5.1.0/usr/lib/gcc/x86_64-w64-mingw32.static/5.1.0/crtend.o
make[1]: Leaving directory `/root/shotcut/src/x265/source/CMakeFiles/CMakeTmp'


Parsed CXX implicit link information from above output:
  link line regex: [^( *|.*[/\])(CMAKE_LINKER-NOTFOUND|([^/\]+-)?ld|collect2)[^/\]*( |$)]
  ignore line: [Change Dir: /root/shotcut/src/x265/source/CMakeFiles/CMakeTmp]
  ignore line: []
  ignore line: [Run Build Command:/usr/bin/make "cmTryCompileExec510319209/fast"]
  ignore line: [/usr/bin/make -f CMakeFiles/cmTryCompileExec510319209.dir/build.make CMakeFiles/cmTryCompileExec510319209.dir/build]
  ignore line: [make[1]: Entering directory `/root/shotcut/src/x265/source/CMakeFiles/CMakeTmp']
  ignore line: [/usr/bin/cmake -E cmake_progress_report /root/shotcut/src/x265/source/CMakeFiles/CMakeTmp/CMakeFiles 1]
  ignore line: [Building CXX object CMakeFiles/cmTryCompileExec510319209.dir/CMakeCXXCompilerABI.cpp.obj]
  ignore line: [/opt/mxe/gcc-5.1.0/usr/bin/x86_64-w64-mingw32.static-g++    -DHAVE_STRUCT_TIMESPEC -I/root/shotcut/shotcut/Shotcut/include -DNDEBUG     -o CMakeFiles/cmTryCompileExec510319209.dir/CMakeCXXCompilerABI.cpp.obj -c /root/shotcut/src/vid.stab/cmake/Modules/CMakeCXXCompilerABI.cpp]
  ignore line: [Linking CXX executable cmTryCompileExec510319209.exe]
  ignore line: [/usr/bin/cmake -E cmake_link_script CMakeFiles/cmTryCompileExec510319209.dir/link.txt --verbose=1]
  ignore line: [/usr/bin/cmake -E remove -f CMakeFiles/cmTryCompileExec510319209.dir/objects.a]
  ignore line: [/opt/mxe/gcc-5.1.0/usr/bin/x86_64-w64-mingw32.static-ar cr CMakeFiles/cmTryCompileExec510319209.dir/objects.a @CMakeFiles/cmTryCompileExec510319209.dir/objects1.rsp]
  ignore line: [/opt/mxe/gcc-5.1.0/usr/bin/x86_64-w64-mingw32.static-g++  -DHAVE_STRUCT_TIMESPEC -I/root/shotcut/shotcut/Shotcut/include -DNDEBUG    -v -Wl,--whole-archive CMakeFiles/cmTryCompileExec510319209.dir/objects.a -Wl,--no-whole-archive  -o cmTryCompileExec510319209.exe -Wl,--out-implib,libcmTryCompileExec510319209.dll.a -Wl,--major-image-version,0,--minor-image-version,0   ]
  ignore line: [Using built-in specs.]
  ignore line: [COLLECT_GCC=/opt/mxe/gcc-5.1.0/usr/bin/x86_64-w64-mingw32.static-g++]
  ignore line: [COLLECT_LTO_WRAPPER=/opt/mxe/gcc-5.1.0/usr/libexec/gcc/x86_64-w64-mingw32.static/5.1.0/lto-wrapper]
  ignore line: [Target: x86_64-w64-mingw32.static]
  ignore line: [Configured with: /opt/mxe/gcc-5.1.0/tmp-gcc-x86_64-w64-mingw32.static/gcc-5.1.0/configure --target=x86_64-w64-mingw32.static --build=x86_64-unknown-linux-gnu --prefix=/opt/mxe/gcc-5.1.0/usr --libdir=/opt/mxe/gcc-5.1.0/usr/lib --enable-languages=c,c++,objc,fortran --enable-version-specific-runtime-libs --with-gcc --with-gnu-ld --with-gnu-as --disable-nls --disable-shared --disable-multilib --without-x --disable-win32-registry --enable-threads=posix --enable-libgomp --with-gmp=/opt/mxe/gcc-5.1.0/usr --with-isl=/opt/mxe/gcc-5.1.0/usr --with-mpc=/opt/mxe/gcc-5.1.0/usr --with-mpfr=/opt/mxe/gcc-5.1.0/usr --with-as=/opt/mxe/gcc-5.1.0/usr/bin/x86_64-w64-mingw32.static-as --with-ld=/opt/mxe/gcc-5.1.0/usr/bin/x86_64-w64-mingw32.static-ld --with-nm=/opt/mxe/gcc-5.1.0/usr/bin/x86_64-w64-mingw32.static-nm]
  ignore line: [Thread model: posix]
  ignore line: [gcc version 5.1.0 (GCC) ]
  ignore line: [COMPILER_PATH=/opt/mxe/gcc-5.1.0/usr/libexec/gcc/x86_64-w64-mingw32.static/5.1.0/:/opt/mxe/gcc-5.1.0/usr/libexec/gcc/x86_64-w64-mingw32.static/5.1.0/:/opt/mxe/gcc-5.1.0/usr/libexec/gcc/x86_64-w64-mingw32.static/:/opt/mxe/gcc-5.1.0/usr/lib/gcc/x86_64-w64-mingw32.static/5.1.0/:/opt/mxe/gcc-5.1.0/usr/lib/gcc/x86_64-w64-mingw32.static/:/opt/mxe/gcc-5.1.0/usr/lib/gcc/x86_64-w64-mingw32.static/5.1.0/../../../../x86_64-w64-mingw32.static/bin/]
  ignore line: [LIBRARY_PATH=/opt/mxe/gcc-5.1.0/usr/lib/gcc/x86_64-w64-mingw32.static/5.1.0/:/opt/mxe/gcc-5.1.0/usr/lib/gcc/x86_64-w64-mingw32.static/5.1.0/../../../../x86_64-w64-mingw32.static/lib/../lib/:/opt/mxe/gcc-5.1.0/usr/lib/gcc/x86_64-w64-mingw32.static/5.1.0/../../../../x86_64-w64-mingw32.static/lib/]
  ignore line: [COLLECT_GCC_OPTIONS='-D' 'HAVE_STRUCT_TIMESPEC' '-I' '/root/shotcut/shotcut/Shotcut/include' '-D' 'NDEBUG' '-v' '-o' 'cmTryCompileExec510319209.exe' '-mtune=generic' '-march=x86-64']
  link line: [ /opt/mxe/gcc-5.1.0/usr/libexec/gcc/x86_64-w64-mingw32.static/5.1.0/collect2 -plugin /opt/mxe/gcc-5.1.0/usr/libexec/gcc/x86_64-w64-mingw32.static/5.1.0/liblto_plugin.so -plugin-opt=/opt/mxe/gcc-5.1.0/usr/libexec/gcc/x86_64-w64-mingw32.static/5.1.0/lto-wrapper -plugin-opt=-fresolution=/tmp/cc66uFjy.res -plugin-opt=-pass-through=-lmingw32 -plugin-opt=-pass-through=-lgcc -plugin-opt=-pass-through=-lmoldname -plugin-opt=-pass-through=-lmingwex -plugin-opt=-pass-through=-lmsvcrt -plugin-opt=-pass-through=-lpthread -plugin-opt=-pass-through=-ladvapi32 -plugin-opt=-pass-through=-lshell32 -plugin-opt=-pass-through=-luser32 -plugin-opt=-pass-through=-lkernel32 -plugin-opt=-pass-through=-lmingw32 -plugin-opt=-pass-through=-lgcc -plugin-opt=-pass-through=-lmoldname -plugin-opt=-pass-through=-lmingwex -plugin-opt=-pass-through=-lmsvcrt -m i386pep -Bdynamic -o cmTryCompileExec510319209.exe /opt/mxe/gcc-5.1.0/usr/lib/gcc/x86_64-w64-mingw32.static/5.1.0/../../../../x86_64-w64-mingw32.static/lib/../lib/crt2.o /opt/mxe/gcc-5.1.0/usr/lib/gcc/x86_64-w64-mingw32.static/5.1.0/crtbegin.o -L/opt/mxe/gcc-5.1.0/usr/lib/gcc/x86_64-w64-mingw32.static/5.1.0 -L/opt/mxe/gcc-5.1.0/usr/lib/gcc/x86_64-w64-mingw32.static/5.1.0/../../../../x86_64-w64-mingw32.static/lib/../lib -L/opt/mxe/gcc-5.1.0/usr/lib/gcc/x86_64-w64-mingw32.static/5.1.0/../../../../x86_64-w64-mingw32.static/lib --whole-archive CMakeFiles/cmTryCompileExec510319209.dir/objects.a --no-whole-archive --out-implib libcmTryCompileExec510319209.dll.a --major-image-version 0 --minor-image-version 0 -lstdc++ -lmingw32 -lgcc -lmoldname -lmingwex -lmsvcrt -lpthread -ladvapi32 -lshell32 -luser32 -lkernel32 -lmingw32 -lgcc -lmoldname -lmingwex -lmsvcrt /opt/mxe/gcc-5.1.0/usr/lib/gcc/x86_64-w64-mingw32.static/5.1.0/crtend.o]
    arg [/opt/mxe/gcc-5.1.0/usr/libexec/gcc/x86_64-w64-mingw32.static/5.1.0/collect2] ==> ignore
    arg [-plugin] ==> ignore
    arg [/opt/mxe/gcc-5.1.0/usr/libexec/gcc/x86_64-w64-mingw32.static/5.1.0/liblto_plugin.so] ==> ignore
    arg [-plugin-opt=/opt/mxe/gcc-5.1.0/usr/libexec/gcc/x86_64-w64-mingw32.static/5.1.0/lto-wrapper] ==> ignore
    arg [-plugin-opt=-fresolution=/tmp/cc66uFjy.res] ==> ignore
    arg [-plugin-opt=-pass-through=-lmingw32] ==> ignore
    arg [-plugin-opt=-pass-through=-lgcc] ==> ignore
    arg [-plugin-opt=-pass-through=-lmoldname] ==> ignore
    arg [-plugin-opt=-pass-through=-lmingwex] ==> ignore
    arg [-plugin-opt=-pass-through=-lmsvcrt] ==> ignore
    arg [-plugin-opt=-pass-through=-lpthread] ==> ignore
    arg [-plugin-opt=-pass-through=-ladvapi32] ==> ignore
    arg [-plugin-opt=-pass-through=-lshell32] ==> ignore
    arg [-plugin-opt=-pass-through=-luser32] ==> ignore
    arg [-plugin-opt=-pass-through=-lkernel32] ==> ignore
    arg [-plugin-opt=-pass-through=-lmingw32] ==> ignore
    arg [-plugin-opt=-pass-through=-lgcc] ==> ignore
    arg [-plugin-opt=-pass-through=-lmoldname] ==> ignore
    arg [-plugin-opt=-pass-through=-lmingwex] ==> ignore
    arg [-plugin-opt=-pass-through=-lmsvcrt] ==> ignore
    arg [-m] ==> ignore
    arg [i386pep] ==> ignore
    arg [-Bdynamic] ==> ignore
    arg [-o] ==> ignore
    arg [cmTryCompileExec510319209.exe] ==> ignore
    arg [/opt/mxe/gcc-5.1.0/usr/lib/gcc/x86_64-w64-mingw32.static/5.1.0/../../../../x86_64-w64-mingw32.static/lib/../lib/crt2.o] ==> ignore
    arg [/opt/mxe/gcc-5.1.0/usr/lib/gcc/x86_64-w64-mingw32.static/5.1.0/crtbegin.o] ==> ignore
    arg [-L/opt/mxe/gcc-5.1.0/usr/lib/gcc/x86_64-w64-mingw32.static/5.1.0] ==> dir [/opt/mxe/gcc-5.1.0/usr/lib/gcc/x86_64-w64-mingw32.static/5.1.0]
    arg [-L/opt/mxe/gcc-5.1.0/usr/lib/gcc/x86_64-w64-mingw32.static/5.1.0/../../../../x86_64-w64-mingw32.static/lib/../lib] ==> dir [/opt/mxe/gcc-5.1.0/usr/lib/gcc/x86_64-w64-mingw32.static/5.1.0/../../../../x86_64-w64-mingw32.static/lib/../lib]
    arg [-L/opt/mxe/gcc-5.1.0/usr/lib/gcc/x86_64-w64-mingw32.static/5.1.0/../../../../x86_64-w64-mingw32.static/lib] ==> dir [/opt/mxe/gcc-5.1.0/usr/lib/gcc/x86_64-w64-mingw32.static/5.1.0/../../../../x86_64-w64-mingw32.static/lib]
    arg [--whole-archive] ==> ignore
    arg [CMakeFiles/cmTryCompileExec510319209.dir/objects.a] ==> ignore
    arg [--no-whole-archive] ==> ignore
    arg [--out-implib] ==> ignore
    arg [libcmTryCompileExec510319209.dll.a] ==> ignore
    arg [--major-image-version] ==> ignore
    arg [0] ==> ignore
    arg [--minor-image-version] ==> ignore
    arg [0] ==> ignore
    arg [-lstdc++] ==> lib [stdc++]
    arg [-lmingw32] ==> lib [mingw32]
    arg [-lgcc] ==> lib [gcc]
    arg [-lmoldname] ==> lib [moldname]
    arg [-lmingwex] ==> lib [mingwex]
    arg [-lmsvcrt] ==> lib [msvcrt]
    arg [-lpthread] ==> lib [pthread]
    arg [-ladvapi32] ==> lib [advapi32]
    arg [-lshell32] ==> lib [shell32]
    arg [-luser32] ==> lib [user32]
    arg [-lkernel32] ==> lib [kernel32]
    arg [-lmingw32] ==> lib [mingw32]
    arg [-lgcc] ==> lib [gcc]
    arg [-lmoldname] ==> lib [moldname]
    arg [-lmingwex] ==> lib [mingwex]
    arg [-lmsvcrt] ==> lib [msvcrt]
    arg [/opt/mxe/gcc-5.1.0/usr/lib/gcc/x86_64-w64-mingw32.static/5.1.0/crtend.o] ==> ignore
  remove lib [gcc]
  remove lib [gcc]
  collapse library dir [/opt/mxe/gcc-5.1.0/usr/lib/gcc/x86_64-w64-mingw32.static/5.1.0] ==> [/opt/mxe/gcc-5.1.0/usr/lib/gcc/x86_64-w64-mingw32.static/5.1.0]
  collapse library dir [/opt/mxe/gcc-5.1.0/usr/lib/gcc/x86_64-w64-mingw32.static/5.1.0/../../../../x86_64-w64-mingw32.static/lib/../lib] ==> [/opt/mxe/gcc-5.1.0/usr/x86_64-w64-mingw32.static/lib]
  collapse library dir [/opt/mxe/gcc-5.1.0/usr/lib/gcc/x86_64-w64-mingw32.static/5.1.0/../../../../x86_64-w64-mingw32.static/lib] ==> [/opt/mxe/gcc-5.1.0/usr/x86_64-w64-mingw32.static/lib]
  implicit libs: [stdc++;mingw32;moldname;mingwex;msvcrt;pthread;advapi32;shell32;user32;kernel32;mingw32;moldname;mingwex;msvcrt]
  implicit dirs: [/opt/mxe/gcc-5.1.0/usr/lib/gcc/x86_64-w64-mingw32.static/5.1.0;/opt/mxe/gcc-5.1.0/usr/x86_64-w64-mingw32.static/lib]
  implicit fwks: []


Determining if files inttypes.h exist passed with the following output:
Change Dir: /root/shotcut/src/x265/source/CMakeFiles/CMakeTmp

Run Build Command:/usr/bin/make "cmTryCompileExec2006971675/fast"
/usr/bin/make -f CMakeFiles/cmTryCompileExec2006971675.dir/build.make CMakeFiles/cmTryCompileExec2006971675.dir/build
make[1]: Entering directory `/root/shotcut/src/x265/source/CMakeFiles/CMakeTmp'
/usr/bin/cmake -E cmake_progress_report /root/shotcut/src/x265/source/CMakeFiles/CMakeTmp/CMakeFiles 1
Building C object CMakeFiles/cmTryCompileExec2006971675.dir/CheckIncludeFiles.c.obj
/opt/mxe/gcc-5.1.0/usr/bin/x86_64-w64-mingw32.static-gcc   -DHAVE_STRUCT_TIMESPEC -I/root/shotcut/shotcut/Shotcut/include -DNDEBUG     -o CMakeFiles/cmTryCompileExec2006971675.dir/CheckIncludeFiles.c.obj   -c /root/shotcut/src/x265/source/CMakeFiles/CMakeTmp/CheckIncludeFiles.c
Linking C executable cmTryCompileExec2006971675.exe
/usr/bin/cmake -E cmake_link_script CMakeFiles/cmTryCompileExec2006971675.dir/link.txt --verbose=1
/usr/bin/cmake -E remove -f CMakeFiles/cmTryCompileExec2006971675.dir/objects.a
/opt/mxe/gcc-5.1.0/usr/bin/x86_64-w64-mingw32.static-ar cr CMakeFiles/cmTryCompileExec2006971675.dir/objects.a @CMakeFiles/cmTryCompileExec2006971675.dir/objects1.rsp
/opt/mxe/gcc-5.1.0/usr/bin/x86_64-w64-mingw32.static-gcc  -DHAVE_STRUCT_TIMESPEC -I/root/shotcut/shotcut/Shotcut/include -DNDEBUG     -L/root/shotcut/shotcut/Shotcut/bin -L/root/shotcut/shotcut/Shotcut/lib -Wl,--whole-archive CMakeFiles/cmTryCompileExec2006971675.dir/objects.a -Wl,--no-whole-archive  -o cmTryCompileExec2006971675.exe -Wl,--out-implib,libcmTryCompileExec2006971675.dll.a -Wl,--major-image-version,0,--minor-image-version,0  -lkernel32 -luser32 -lgdi32 -lwinspool -lshell32 -lole32 -loleaut32 -luuid -lcomdlg32 -ladvapi32 
make[1]: Leaving directory `/root/shotcut/src/x265/source/CMakeFiles/CMakeTmp'


Performing C++ SOURCE FILE Test CC_HAS_NO_STRICT_OVERFLOW succeded with the following output:
Change Dir: /root/shotcut/src/x265/source/CMakeFiles/CMakeTmp

Run Build Command:/usr/bin/make "cmTryCompileExec3033134713/fast"
/usr/bin/make -f CMakeFiles/cmTryCompileExec3033134713.dir/build.make CMakeFiles/cmTryCompileExec3033134713.dir/build
make[1]: Entering directory `/root/shotcut/src/x265/source/CMakeFiles/CMakeTmp'
/usr/bin/cmake -E cmake_progress_report /root/shotcut/src/x265/source/CMakeFiles/CMakeTmp/CMakeFiles 1
Building CXX object CMakeFiles/cmTryCompileExec3033134713.dir/src.cxx.obj
/opt/mxe/gcc-5.1.0/usr/bin/x86_64-w64-mingw32.static-g++    -DHAVE_STRUCT_TIMESPEC -I/root/shotcut/shotcut/Shotcut/include -DNDEBUG  -DCC_HAS_NO_STRICT_OVERFLOW   -Wno-strict-overflow -o CMakeFiles/cmTryCompileExec3033134713.dir/src.cxx.obj -c /root/shotcut/src/x265/source/CMakeFiles/CMakeTmp/src.cxx
Linking CXX executable cmTryCompileExec3033134713.exe
/usr/bin/cmake -E cmake_link_script CMakeFiles/cmTryCompileExec3033134713.dir/link.txt --verbose=1
/usr/bin/cmake -E remove -f CMakeFiles/cmTryCompileExec3033134713.dir/objects.a
/opt/mxe/gcc-5.1.0/usr/bin/x86_64-w64-mingw32.static-ar cr CMakeFiles/cmTryCompileExec3033134713.dir/objects.a @CMakeFiles/cmTryCompileExec3033134713.dir/objects1.rsp
/opt/mxe/gcc-5.1.0/usr/bin/x86_64-w64-mingw32.static-g++  -DHAVE_STRUCT_TIMESPEC -I/root/shotcut/shotcut/Shotcut/include -DNDEBUG  -DCC_HAS_NO_STRICT_OVERFLOW   -L/root/shotcut/shotcut/Shotcut/bin -L/root/shotcut/shotcut/Shotcut/lib -Wl,--whole-archive CMakeFiles/cmTryCompileExec3033134713.dir/objects.a -Wl,--no-whole-archive  -o cmTryCompileExec3033134713.exe -Wl,--out-implib,libcmTryCompileExec3033134713.dll.a -Wl,--major-image-version,0,--minor-image-version,0  -lkernel32 -luser32 -lgdi32 -lwinspool -lshell32 -lole32 -loleaut32 -luuid -lcomdlg32 -ladvapi32 
make[1]: Leaving directory `/root/shotcut/src/x265/source/CMakeFiles/CMakeTmp'

Source file was:
int main() { return 0;}
Performing C++ SOURCE FILE Test CC_HAS_NO_NARROWING succeded with the following output:
Change Dir: /root/shotcut/src/x265/source/CMakeFiles/CMakeTmp

Run Build Command:/usr/bin/make "cmTryCompileExec4052225679/fast"
/usr/bin/make -f CMakeFiles/cmTryCompileExec4052225679.dir/build.make CMakeFiles/cmTryCompileExec4052225679.dir/build
make[1]: Entering directory `/root/shotcut/src/x265/source/CMakeFiles/CMakeTmp'
/usr/bin/cmake -E cmake_progress_report /root/shotcut/src/x265/source/CMakeFiles/CMakeTmp/CMakeFiles 1
Building CXX object CMakeFiles/cmTryCompileExec4052225679.dir/src.cxx.obj
/opt/mxe/gcc-5.1.0/usr/bin/x86_64-w64-mingw32.static-g++    -DHAVE_STRUCT_TIMESPEC -I/root/shotcut/shotcut/Shotcut/include -DNDEBUG  -DCC_HAS_NO_NARROWING   -Wno-narrowing -o CMakeFiles/cmTryCompileExec4052225679.dir/src.cxx.obj -c /root/shotcut/src/x265/source/CMakeFiles/CMakeTmp/src.cxx
Linking CXX executable cmTryCompileExec4052225679.exe
/usr/bin/cmake -E cmake_link_script CMakeFiles/cmTryCompileExec4052225679.dir/link.txt --verbose=1
/usr/bin/cmake -E remove -f CMakeFiles/cmTryCompileExec4052225679.dir/objects.a
/opt/mxe/gcc-5.1.0/usr/bin/x86_64-w64-mingw32.static-ar cr CMakeFiles/cmTryCompileExec4052225679.dir/objects.a @CMakeFiles/cmTryCompileExec4052225679.dir/objects1.rsp
/opt/mxe/gcc-5.1.0/usr/bin/x86_64-w64-mingw32.static-g++  -DHAVE_STRUCT_TIMESPEC -I/root/shotcut/shotcut/Shotcut/include -DNDEBUG  -DCC_HAS_NO_NARROWING   -L/root/shotcut/shotcut/Shotcut/bin -L/root/shotcut/shotcut/Shotcut/lib -Wl,--whole-archive CMakeFiles/cmTryCompileExec4052225679.dir/objects.a -Wl,--no-whole-archive  -o cmTryCompileExec4052225679.exe -Wl,--out-implib,libcmTryCompileExec4052225679.dll.a -Wl,--major-image-version,0,--minor-image-version,0  -lkernel32 -luser32 -lgdi32 -lwinspool -lshell32 -lole32 -loleaut32 -luuid -lcomdlg32 -ladvapi32 
make[1]: Leaving directory `/root/shotcut/src/x265/source/CMakeFiles/CMakeTmp'

Source file was:
int main() { return 0;}
Performing C++ SOURCE FILE Test CC_HAS_NO_ARRAY_BOUNDS succeded with the following output:
Change Dir: /root/shotcut/src/x265/source/CMakeFiles/CMakeTmp

Run Build Command:/usr/bin/make "cmTryCompileExec617171054/fast"
/usr/bin/make -f CMakeFiles/cmTryCompileExec617171054.dir/build.make CMakeFiles/cmTryCompileExec617171054.dir/build
make[1]: Entering directory `/root/shotcut/src/x265/source/CMakeFiles/CMakeTmp'
/usr/bin/cmake -E cmake_progress_report /root/shotcut/src/x265/source/CMakeFiles/CMakeTmp/CMakeFiles 1
Building CXX object CMakeFiles/cmTryCompileExec617171054.dir/src.cxx.obj
/opt/mxe/gcc-5.1.0/usr/bin/x86_64-w64-mingw32.static-g++    -DHAVE_STRUCT_TIMESPEC -I/root/shotcut/shotcut/Shotcut/include -DNDEBUG  -DCC_HAS_NO_ARRAY_BOUNDS   -Wno-array-bounds -o CMakeFiles/cmTryCompileExec617171054.dir/src.cxx.obj -c /root/shotcut/src/x265/source/CMakeFiles/CMakeTmp/src.cxx
Linking CXX executable cmTryCompileExec617171054.exe
/usr/bin/cmake -E cmake_link_script CMakeFiles/cmTryCompileExec617171054.dir/link.txt --verbose=1
/usr/bin/cmake -E remove -f CMakeFiles/cmTryCompileExec617171054.dir/objects.a
/opt/mxe/gcc-5.1.0/usr/bin/x86_64-w64-mingw32.static-ar cr CMakeFiles/cmTryCompileExec617171054.dir/objects.a @CMakeFiles/cmTryCompileExec617171054.dir/objects1.rsp
/opt/mxe/gcc-5.1.0/usr/bin/x86_64-w64-mingw32.static-g++  -DHAVE_STRUCT_TIMESPEC -I/root/shotcut/shotcut/Shotcut/include -DNDEBUG  -DCC_HAS_NO_ARRAY_BOUNDS   -L/root/shotcut/shotcut/Shotcut/bin -L/root/shotcut/shotcut/Shotcut/lib -Wl,--whole-archive CMakeFiles/cmTryCompileExec617171054.dir/objects.a -Wl,--no-whole-archive  -o cmTryCompileExec617171054.exe -Wl,--out-implib,libcmTryCompileExec617171054.dll.a -Wl,--major-image-version,0,--minor-image-version,0  -lkernel32 -luser32 -lgdi32 -lwinspool -lshell32 -lole32 -loleaut32 -luuid -lcomdlg32 -ladvapi32 
make[1]: Leaving directory `/root/shotcut/src/x265/source/CMakeFiles/CMakeTmp'

Source file was:
int main() { return 0;}
Performing C++ SOURCE FILE Test CC_HAS_FAST_MATH succeded with the following output:
Change Dir: /root/shotcut/src/x265/source/CMakeFiles/CMakeTmp

Run Build Command:/usr/bin/make "cmTryCompileExec3347017644/fast"
/usr/bin/make -f CMakeFiles/cmTryCompileExec3347017644.dir/build.make CMakeFiles/cmTryCompileExec3347017644.dir/build
make[1]: Entering directory `/root/shotcut/src/x265/source/CMakeFiles/CMakeTmp'
/usr/bin/cmake -E cmake_progress_report /root/shotcut/src/x265/source/CMakeFiles/CMakeTmp/CMakeFiles 1
Building CXX object CMakeFiles/cmTryCompileExec3347017644.dir/src.cxx.obj
/opt/mxe/gcc-5.1.0/usr/bin/x86_64-w64-mingw32.static-g++    -DHAVE_STRUCT_TIMESPEC -I/root/shotcut/shotcut/Shotcut/include -DNDEBUG  -DCC_HAS_FAST_MATH   -ffast-math -o CMakeFiles/cmTryCompileExec3347017644.dir/src.cxx.obj -c /root/shotcut/src/x265/source/CMakeFiles/CMakeTmp/src.cxx
Linking CXX executable cmTryCompileExec3347017644.exe
/usr/bin/cmake -E cmake_link_script CMakeFiles/cmTryCompileExec3347017644.dir/link.txt --verbose=1
/usr/bin/cmake -E remove -f CMakeFiles/cmTryCompileExec3347017644.dir/objects.a
/opt/mxe/gcc-5.1.0/usr/bin/x86_64-w64-mingw32.static-ar cr CMakeFiles/cmTryCompileExec3347017644.dir/objects.a @CMakeFiles/cmTryCompileExec3347017644.dir/objects1.rsp
/opt/mxe/gcc-5.1.0/usr/bin/x86_64-w64-mingw32.static-g++  -DHAVE_STRUCT_TIMESPEC -I/root/shotcut/shotcut/Shotcut/include -DNDEBUG  -DCC_HAS_FAST_MATH   -L/root/shotcut/shotcut/Shotcut/bin -L/root/shotcut/shotcut/Shotcut/lib -Wl,--whole-archive CMakeFiles/cmTryCompileExec3347017644.dir/objects.a -Wl,--no-whole-archive  -o cmTryCompileExec3347017644.exe -Wl,--out-implib,libcmTryCompileExec3347017644.dll.a -Wl,--major-image-version,0,--minor-image-version,0  -lkernel32 -luser32 -lgdi32 -lwinspool -lshell32 -lole32 -loleaut32 -luuid -lcomdlg32 -ladvapi32 
make[1]: Leaving directory `/root/shotcut/src/x265/source/CMakeFiles/CMakeTmp'

Source file was:
int main() { return 0;}
Performing C++ SOURCE FILE Test CC_HAS_STACK_REALIGN succeded with the following output:
Change Dir: /root/shotcut/src/x265/source/CMakeFiles/CMakeTmp

Run Build Command:/usr/bin/make "cmTryCompileExec1829752279/fast"
/usr/bin/make -f CMakeFiles/cmTryCompileExec1829752279.dir/build.make CMakeFiles/cmTryCompileExec1829752279.dir/build
make[1]: Entering directory `/root/shotcut/src/x265/source/CMakeFiles/CMakeTmp'
/usr/bin/cmake -E cmake_progress_report /root/shotcut/src/x265/source/CMakeFiles/CMakeTmp/CMakeFiles 1
Building CXX object CMakeFiles/cmTryCompileExec1829752279.dir/src.cxx.obj
/opt/mxe/gcc-5.1.0/usr/bin/x86_64-w64-mingw32.static-g++    -DHAVE_STRUCT_TIMESPEC -I/root/shotcut/shotcut/Shotcut/include -DNDEBUG  -DCC_HAS_STACK_REALIGN   -mstackrealign -o CMakeFiles/cmTryCompileExec1829752279.dir/src.cxx.obj -c /root/shotcut/src/x265/source/CMakeFiles/CMakeTmp/src.cxx
Linking CXX executable cmTryCompileExec1829752279.exe
/usr/bin/cmake -E cmake_link_script CMakeFiles/cmTryCompileExec1829752279.dir/link.txt --verbose=1
/usr/bin/cmake -E remove -f CMakeFiles/cmTryCompileExec1829752279.dir/objects.a
/opt/mxe/gcc-5.1.0/usr/bin/x86_64-w64-mingw32.static-ar cr CMakeFiles/cmTryCompileExec1829752279.dir/objects.a @CMakeFiles/cmTryCompileExec1829752279.dir/objects1.rsp
/opt/mxe/gcc-5.1.0/usr/bin/x86_64-w64-mingw32.static-g++  -DHAVE_STRUCT_TIMESPEC -I/root/shotcut/shotcut/Shotcut/include -DNDEBUG  -DCC_HAS_STACK_REALIGN   -L/root/shotcut/shotcut/Shotcut/bin -L/root/shotcut/shotcut/Shotcut/lib -Wl,--whole-archive CMakeFiles/cmTryCompileExec1829752279.dir/objects.a -Wl,--no-whole-archive  -o cmTryCompileExec1829752279.exe -Wl,--out-implib,libcmTryCompileExec1829752279.dll.a -Wl,--major-image-version,0,--minor-image-version,0  -lkernel32 -luser32 -lgdi32 -lwinspool -lshell32 -lole32 -loleaut32 -luuid -lcomdlg32 -ladvapi32 
make[1]: Leaving directory `/root/shotcut/src/x265/source/CMakeFiles/CMakeTmp'

Source file was:
int main() { return 0;}
Performing C++ SOURCE FILE Test CC_HAS_FNO_EXCEPTIONS_FLAG succeded with the following output:
Change Dir: /root/shotcut/src/x265/source/CMakeFiles/CMakeTmp

Run Build Command:/usr/bin/make "cmTryCompileExec2392744320/fast"
/usr/bin/make -f CMakeFiles/cmTryCompileExec2392744320.dir/build.make CMakeFiles/cmTryCompileExec2392744320.dir/build
make[1]: Entering directory `/root/shotcut/src/x265/source/CMakeFiles/CMakeTmp'
/usr/bin/cmake -E cmake_progress_report /root/shotcut/src/x265/source/CMakeFiles/CMakeTmp/CMakeFiles 1
Building CXX object CMakeFiles/cmTryCompileExec2392744320.dir/src.cxx.obj
/opt/mxe/gcc-5.1.0/usr/bin/x86_64-w64-mingw32.static-g++    -DHAVE_STRUCT_TIMESPEC -I/root/shotcut/shotcut/Shotcut/include -DNDEBUG  -DCC_HAS_FNO_EXCEPTIONS_FLAG   -fno-exceptions -o CMakeFiles/cmTryCompileExec2392744320.dir/src.cxx.obj -c /root/shotcut/src/x265/source/CMakeFiles/CMakeTmp/src.cxx
Linking CXX executable cmTryCompileExec2392744320.exe
/usr/bin/cmake -E cmake_link_script CMakeFiles/cmTryCompileExec2392744320.dir/link.txt --verbose=1
/usr/bin/cmake -E remove -f CMakeFiles/cmTryCompileExec2392744320.dir/objects.a
/opt/mxe/gcc-5.1.0/usr/bin/x86_64-w64-mingw32.static-ar cr CMakeFiles/cmTryCompileExec2392744320.dir/objects.a @CMakeFiles/cmTryCompileExec2392744320.dir/objects1.rsp
/opt/mxe/gcc-5.1.0/usr/bin/x86_64-w64-mingw32.static-g++  -DHAVE_STRUCT_TIMESPEC -I/root/shotcut/shotcut/Shotcut/include -DNDEBUG  -DCC_HAS_FNO_EXCEPTIONS_FLAG   -L/root/shotcut/shotcut/Shotcut/bin -L/root/shotcut/shotcut/Shotcut/lib -Wl,--whole-archive CMakeFiles/cmTryCompileExec2392744320.dir/objects.a -Wl,--no-whole-archive  -o cmTryCompileExec2392744320.exe -Wl,--out-implib,libcmTryCompileExec2392744320.dll.a -Wl,--major-image-version,0,--minor-image-version,0  -lkernel32 -luser32 -lgdi32 -lwinspool -lshell32 -lole32 -loleaut32 -luuid -lcomdlg32 -ladvapi32 
make[1]: Leaving directory `/root/shotcut/src/x265/source/CMakeFiles/CMakeTmp'

Source file was:
int main() { return 0;}
Determining if the strtok_r exist passed with the following output:
Change Dir: /root/shotcut/src/x265/source/CMakeFiles/CMakeTmp

Run Build Command:/usr/bin/make "cmTryCompileExec2722287150/fast"
/usr/bin/make -f CMakeFiles/cmTryCompileExec2722287150.dir/build.make CMakeFiles/cmTryCompileExec2722287150.dir/build
make[1]: Entering directory `/root/shotcut/src/x265/source/CMakeFiles/CMakeTmp'
/usr/bin/cmake -E cmake_progress_report /root/shotcut/src/x265/source/CMakeFiles/CMakeTmp/CMakeFiles 1
Building C object CMakeFiles/cmTryCompileExec2722287150.dir/CheckSymbolExists.c.obj
/opt/mxe/gcc-5.1.0/usr/bin/x86_64-w64-mingw32.static-gcc   -DHAVE_STRUCT_TIMESPEC -I/root/shotcut/shotcut/Shotcut/include -DNDEBUG     -o CMakeFiles/cmTryCompileExec2722287150.dir/CheckSymbolExists.c.obj   -c /root/shotcut/src/x265/source/CMakeFiles/CMakeTmp/CheckSymbolExists.c
Linking C executable cmTryCompileExec2722287150.exe
/usr/bin/cmake -E cmake_link_script CMakeFiles/cmTryCompileExec2722287150.dir/link.txt --verbose=1
/usr/bin/cmake -E remove -f CMakeFiles/cmTryCompileExec2722287150.dir/objects.a
/opt/mxe/gcc-5.1.0/usr/bin/x86_64-w64-mingw32.static-ar cr CMakeFiles/cmTryCompileExec2722287150.dir/objects.a @CMakeFiles/cmTryCompileExec2722287150.dir/objects1.rsp
/opt/mxe/gcc-5.1.0/usr/bin/x86_64-w64-mingw32.static-gcc  -DHAVE_STRUCT_TIMESPEC -I/root/shotcut/shotcut/Shotcut/include -DNDEBUG     -L/root/shotcut/shotcut/Shotcut/bin -L/root/shotcut/shotcut/Shotcut/lib -Wl,--whole-archive CMakeFiles/cmTryCompileExec2722287150.dir/objects.a -Wl,--no-whole-archive  -o cmTryCompileExec2722287150.exe -Wl,--out-implib,libcmTryCompileExec2722287150.dll.a -Wl,--major-image-version,0,--minor-image-version,0  -lkernel32 -luser32 -lgdi32 -lwinspool -lshell32 -lole32 -loleaut32 -luuid -lcomdlg32 -ladvapi32 
make[1]: Leaving directory `/root/shotcut/src/x265/source/CMakeFiles/CMakeTmp'

File /root/shotcut/src/x265/source/CMakeFiles/CMakeTmp/CheckSymbolExists.c:
/* */
#include <string.h>

int main(int argc, char** argv)
{
  (void)argv;
#ifndef strtok_r
  return ((int*)(&strtok_r))[argc];
#else
  (void)argc;
  return 0;
#endif
}

